<?xml version="1.0" encoding="UTF-8"?>
<testng-results skipped="0" failed="0" ignored="0" total="1" passed="1">
  <reporter-output>
  </reporter-output>
  <suite name="Default suite" duration-ms="285" started-at="2022-11-03T07:20:17 IST" finished-at="2022-11-03T07:20:18 IST">
    <groups>
    </groups>
    <test name="Default test" duration-ms="285" started-at="2022-11-03T07:20:17 IST" finished-at="2022-11-03T07:20:18 IST">
      <class name="mukeshOtwani.DownloadFile">
        <test-method status="PASS" signature="uploadFile()[pri:0, instance:mukeshOtwani.DownloadFile@1c3a4799]" name="uploadFile" duration-ms="254" started-at="2022-11-03T07:20:17 IST" finished-at="2022-11-03T07:20:18 IST">
          <reporter-output>
          </reporter-output>
        </test-method> <!-- uploadFile -->
      </class> <!-- mukeshOtwani.DownloadFile -->
    </test> <!-- Default test -->
  </suite> <!-- Default suite -->
</testng-results>
